<?xml version="1.0" encoding="UTF-8"?>
<testsuite name="MultiThreadsTest" tests="1" skipped="0" failures="0" errors="0" timestamp="2023-08-14T16:41:37" hostname="MBP-Danil" time="0.527">
  <properties/>
  <testcase name="locksTest()" classname="MultiThreadsTest" time="0.527"/>
  <system-out><![CDATA[]]></system-out>
  <system-err><![CDATA[]]></system-err>
</testsuite>
