<?xml version="1.0" encoding="UTF-8"?>
<testsuite name="MultiThreadsTest" tests="1" skipped="0" failures="0" errors="0" timestamp="2023-08-13T16:22:01" hostname="MBP-Danil" time="0.534">
  <properties/>
  <testcase name="shouldReturnSecondUrl()" classname="MultiThreadsTest" time="0.534"/>
  <system-out><![CDATA[]]></system-out>
  <system-err><![CDATA[]]></system-err>
</testsuite>
